0:0:0:0:0:0:0:1 - - [10/nov/2017:18:54:44 +0000] "GET /pargarws/ws HTTP/1.1" 404 43 "-" "Mozilla/5.0 (Windows NT 10.0; Win64; x64) AppleWebKit/537.36 (KHTML, like Gecko) Chrome/55.0.2883.87 Safari/537.36" 161
0:0:0:0:0:0:0:1 - - [10/nov/2017:18:54:44 +0000] "GET /favicon.ico HTTP/1.1" 404 43 "http://localhost:7000/pargarws/ws" "Mozilla/5.0 (Windows NT 10.0; Win64; x64) AppleWebKit/537.36 (KHTML, like Gecko) Chrome/55.0.2883.87 Safari/537.36" 2
0:0:0:0:0:0:0:1 - - [10/nov/2017:18:56:09 +0000] "GET /pargar HTTP/1.1" 404 43 "-" "Mozilla/5.0 (Windows NT 10.0; Win64; x64) AppleWebKit/537.36 (KHTML, like Gecko) Chrome/55.0.2883.87 Safari/537.36" 101
0:0:0:0:0:0:0:1 - - [10/nov/2017:18:56:14 +0000] "GET /pargar/ws HTTP/1.1" 404 43 "-" "Mozilla/5.0 (Windows NT 10.0; Win64; x64) AppleWebKit/537.36 (KHTML, like Gecko) Chrome/55.0.2883.87 Safari/537.36" 2
0:0:0:0:0:0:0:1 - - [10/nov/2017:18:56:27 +0000] "GET /pargar/ws HTTP/1.1" 404 43 "-" "Mozilla/5.0 (Windows NT 10.0; Win64; x64) AppleWebKit/537.36 (KHTML, like Gecko) Chrome/55.0.2883.87 Safari/537.36" 9
0:0:0:0:0:0:0:1 - - [10/nov/2017:18:57:04 +0000] "GET /pargar/ws HTTP/1.1" 404 43 "-" "Mozilla/5.0 (Windows NT 10.0; Win64; x64) AppleWebKit/537.36 (KHTML, like Gecko) Chrome/55.0.2883.87 Safari/537.36" 112
0:0:0:0:0:0:0:1 - - [10/nov/2017:18:57:04 +0000] "GET /pargar/ws HTTP/1.1" 404 43 "-" "Mozilla/5.0 (Windows NT 10.0; Win64; x64) AppleWebKit/537.36 (KHTML, like Gecko) Chrome/55.0.2883.87 Safari/537.36" 3
0:0:0:0:0:0:0:1 - - [10/nov/2017:18:57:05 +0000] "GET /pargar/ws HTTP/1.1" 404 43 "-" "Mozilla/5.0 (Windows NT 10.0; Win64; x64) AppleWebKit/537.36 (KHTML, like Gecko) Chrome/55.0.2883.87 Safari/537.36" 3
0:0:0:0:0:0:0:1 - - [10/nov/2017:18:57:05 +0000] "GET /pargar/ws HTTP/1.1" 404 43 "-" "Mozilla/5.0 (Windows NT 10.0; Win64; x64) AppleWebKit/537.36 (KHTML, like Gecko) Chrome/55.0.2883.87 Safari/537.36" 2
0:0:0:0:0:0:0:1 - - [10/nov/2017:18:57:05 +0000] "GET /pargar/ws HTTP/1.1" 404 43 "-" "Mozilla/5.0 (Windows NT 10.0; Win64; x64) AppleWebKit/537.36 (KHTML, like Gecko) Chrome/55.0.2883.87 Safari/537.36" 2
0:0:0:0:0:0:0:1 - - [10/nov/2017:18:57:17 +0000] "GET /pargar/ws HTTP/1.1" 404 43 "-" "Mozilla/5.0 (Windows NT 10.0; Win64; x64) AppleWebKit/537.36 (KHTML, like Gecko) Chrome/55.0.2883.87 Safari/537.36" 2
0:0:0:0:0:0:0:1 - - [10/nov/2017:18:57:18 +0000] "GET /pargar/ws HTTP/1.1" 404 43 "-" "Mozilla/5.0 (Windows NT 10.0; Win64; x64) AppleWebKit/537.36 (KHTML, like Gecko) Chrome/55.0.2883.87 Safari/537.36" 2
0:0:0:0:0:0:0:1 - - [10/nov/2017:18:57:19 +0000] "GET /pargar/ws HTTP/1.1" 404 43 "-" "Mozilla/5.0 (Windows NT 10.0; Win64; x64) AppleWebKit/537.36 (KHTML, like Gecko) Chrome/55.0.2883.87 Safari/537.36" 3
0:0:0:0:0:0:0:1 - - [10/nov/2017:19:00:09 +0000] "GET /pagar/ws HTTP/1.1" 200 16 "-" "curl/7.55.1" 0
0:0:0:0:0:0:0:1 - - [10/nov/2017:19:00:22 +0000] "GET /pargar/ws HTTP/1.1" 404 43 "-" "Mozilla/5.0 (Windows NT 10.0; Win64; x64) AppleWebKit/537.36 (KHTML, like Gecko) Chrome/55.0.2883.87 Safari/537.36" 4
0:0:0:0:0:0:0:1 - - [10/nov/2017:19:00:24 +0000] "GET /pargar/ws HTTP/1.1" 404 43 "-" "Mozilla/5.0 (Windows NT 10.0; Win64; x64) AppleWebKit/537.36 (KHTML, like Gecko) Chrome/55.0.2883.87 Safari/537.36" 3
0:0:0:0:0:0:0:1 - - [10/nov/2017:19:00:25 +0000] "GET /pargar/ws HTTP/1.1" 404 43 "-" "Mozilla/5.0 (Windows NT 10.0; Win64; x64) AppleWebKit/537.36 (KHTML, like Gecko) Chrome/55.0.2883.87 Safari/537.36" 2
0:0:0:0:0:0:0:1 - - [10/nov/2017:19:00:26 +0000] "GET /pargar/ws HTTP/1.1" 404 43 "-" "Mozilla/5.0 (Windows NT 10.0; Win64; x64) AppleWebKit/537.36 (KHTML, like Gecko) Chrome/55.0.2883.87 Safari/537.36" 8
0:0:0:0:0:0:0:1 - - [10/nov/2017:19:00:34 +0000] "GET /pargar/ws HTTP/1.1" 404 43 "-" "Mozilla/5.0 (Windows NT 10.0; Win64; x64) AppleWebKit/537.36 (KHTML, like Gecko) Chrome/55.0.2883.87 Safari/537.36" 2
0:0:0:0:0:0:0:1 - - [10/nov/2017:19:00:35 +0000] "GET /pargar/ws HTTP/1.1" 404 43 "-" "Mozilla/5.0 (Windows NT 10.0; Win64; x64) AppleWebKit/537.36 (KHTML, like Gecko) Chrome/55.0.2883.87 Safari/537.36" 2
0:0:0:0:0:0:0:1 - - [10/nov/2017:19:00:50 +0000] "GET /pagar/ws HTTP/1.1" 200 16 "-" "Mozilla/5.0 (Windows NT 10.0; Win64; x64) AppleWebKit/537.36 (KHTML, like Gecko) Chrome/55.0.2883.87 Safari/537.36" 6
0:0:0:0:0:0:0:1 - - [10/nov/2017:19:10:49 +0000] "GET /pagar/ws HTTP/1.1" 200 16 "-" "Mozilla/5.0 (Windows NT 10.0; Win64; x64) AppleWebKit/537.36 (KHTML, like Gecko) Chrome/55.0.2883.87 Safari/537.36" 85
