0:0:0:0:0:0:0:1 - - [12/nov/2017:03:31:09 +0000] "POST /recurso/byObject HTTP/1.1" 404 43 "-" "curl/7.49.0" 296
0:0:0:0:0:0:0:1 - - [12/nov/2017:03:32:16 +0000] "POST /webservice/pagar HTTP/1.1" 500 0 "-" "curl/7.49.0" 316
0:0:0:0:0:0:0:1 - - [12/nov/2017:03:33:57 +0000] "POST /webservice/pagar HTTP/1.1" 500 0 "-" "curl/7.49.0" 303
0:0:0:0:0:0:0:1 - - [12/nov/2017:04:00:49 +0000] "POST /webservice/pagar HTTP/1.1" 500 0 "-" "curl/7.49.0" 258
0:0:0:0:0:0:0:1 - - [12/nov/2017:04:01:02 +0000] "POST /webservice/pagar HTTP/1.1" 500 0 "-" "curl/7.49.0" 4
0:0:0:0:0:0:0:1 - - [12/nov/2017:04:02:15 +0000] "POST /webservice/pagar HTTP/1.1" 500 0 "-" "curl/7.49.0" 100
0:0:0:0:0:0:0:1 - - [12/nov/2017:04:02:24 +0000] "POST /webservice/pagar HTTP/1.1" 500 0 "-" "curl/7.49.0" 3
0:0:0:0:0:0:0:1 - - [12/nov/2017:04:02:25 +0000] "POST /webservice/pagar HTTP/1.1" 500 0 "-" "curl/7.49.0" 3
0:0:0:0:0:0:0:1 - - [12/nov/2017:04:02:26 +0000] "POST /webservice/pagar HTTP/1.1" 500 0 "-" "curl/7.49.0" 3
0:0:0:0:0:0:0:1 - - [12/nov/2017:04:02:26 +0000] "POST /webservice/pagar HTTP/1.1" 500 0 "-" "curl/7.49.0" 2
0:0:0:0:0:0:0:1 - - [12/nov/2017:04:02:26 +0000] "POST /webservice/pagar HTTP/1.1" 500 0 "-" "curl/7.49.0" 3
0:0:0:0:0:0:0:1 - - [12/nov/2017:04:04:12 +0000] "POST /webservice/pagar HTTP/1.1" 500 0 "-" "curl/7.49.0" 104
0:0:0:0:0:0:0:1 - - [12/nov/2017:04:04:14 +0000] "POST /webservice/pagar HTTP/1.1" 500 0 "-" "curl/7.49.0" 3
0:0:0:0:0:0:0:1 - - [12/nov/2017:04:04:23 +0000] "POST /webservice/pagar HTTP/1.1" 500 0 "-" "curl/7.49.0" 2
0:0:0:0:0:0:0:1 - - [12/nov/2017:04:04:41 +0000] "GET /webervice/pagar HTTP/1.1" 404 43 "-" "Mozilla/5.0 (Macintosh; Intel Mac OS X 10_11_6) AppleWebKit/537.36 (KHTML, like Gecko) Chrome/62.0.3202.89 Safari/537.36" 52
0:0:0:0:0:0:0:1 - - [12/nov/2017:04:04:43 +0000] "GET /favicon.ico HTTP/1.1" 404 43 "http://localhost:7000/webervice/pagar" "Mozilla/5.0 (Macintosh; Intel Mac OS X 10_11_6) AppleWebKit/537.36 (KHTML, like Gecko) Chrome/62.0.3202.89 Safari/537.36" 2
0:0:0:0:0:0:0:1 - - [12/nov/2017:04:04:48 +0000] "GET /webservice/pagar HTTP/1.1" 405 52 "-" "Mozilla/5.0 (Macintosh; Intel Mac OS X 10_11_6) AppleWebKit/537.36 (KHTML, like Gecko) Chrome/62.0.3202.89 Safari/537.36" 3
0:0:0:0:0:0:0:1 - - [12/nov/2017:04:07:24 +0000] "POST /webservice/pagar HTTP/1.1" 500 0 "-" "curl/7.49.0" 211
0:0:0:0:0:0:0:1 - - [12/nov/2017:04:07:54 +0000] "POST /webservice/pagar HTTP/1.1" 500 0 "-" "curl/7.49.0" 3
0:0:0:0:0:0:0:1 - - [12/nov/2017:04:09:49 +0000] "POST /webservice/pagar HTTP/1.1" 500 0 "-" "curl/7.49.0" 114
0:0:0:0:0:0:0:1 - - [12/nov/2017:04:09:50 +0000] "POST /webservice/pagar HTTP/1.1" 500 0 "-" "curl/7.49.0" 2
0:0:0:0:0:0:0:1 - - [12/nov/2017:04:09:51 +0000] "POST /webservice/pagar HTTP/1.1" 500 0 "-" "curl/7.49.0" 3
0:0:0:0:0:0:0:1 - - [12/nov/2017:04:09:51 +0000] "POST /webservice/pagar HTTP/1.1" 500 0 "-" "curl/7.49.0" 3
0:0:0:0:0:0:0:1 - - [12/nov/2017:04:09:51 +0000] "POST /webservice/pagar HTTP/1.1" 500 0 "-" "curl/7.49.0" 2
0:0:0:0:0:0:0:1 - - [12/nov/2017:04:09:51 +0000] "POST /webservice/pagar HTTP/1.1" 500 0 "-" "curl/7.49.0" 2
0:0:0:0:0:0:0:1 - - [12/nov/2017:04:16:28 +0000] "POST /webservice/pagar HTTP/1.1" 400 47 "-" "curl/7.49.0" 128
0:0:0:0:0:0:0:1 - - [12/nov/2017:04:20:51 +0000] "POST /webservice/pagar HTTP/1.1" 400 47 "-" "curl/7.49.0" 130
0:0:0:0:0:0:0:1 - - [12/nov/2017:14:49:45 +0000] "POST /recurso/byObject HTTP/1.1" 404 43 "-" "curl/7.55.1" 484
0:0:0:0:0:0:0:1 - - [12/nov/2017:14:50:19 +0000] "POST /webservice/pagar HTTP/1.1" 400 47 "-" "curl/7.55.1" 83
0:0:0:0:0:0:0:1 - - [12/nov/2017:14:50:59 +0000] "POST /webservice/pagar HTTP/1.1" 400 47 "-" "curl/7.55.1" 8
0:0:0:0:0:0:0:1 - - [12/nov/2017:15:04:54 +0000] "POST /webservice/pagar HTTP/1.1" 400 47 "-" "curl/7.55.1" 546
0:0:0:0:0:0:0:1 - - [12/nov/2017:15:07:03 +0000] "POST /webservice/pagar HTTP/1.1" 400 47 "-" "curl/7.55.1" 402
0:0:0:0:0:0:0:1 - - [12/nov/2017:15:07:36 +0000] "POST /webservice/pagar HTTP/1.1" 400 47 "-" "curl/7.55.1" 10
0:0:0:0:0:0:0:1 - - [12/nov/2017:15:08:15 +0000] "POST /webservice/pagar HTTP/1.1" 400 47 "-" "curl/7.55.1" 6
0:0:0:0:0:0:0:1 - - [12/nov/2017:15:10:01 +0000] "POST /webservice/pagar HTTP/1.1" 400 47 "-" "curl/7.55.1" 43
0:0:0:0:0:0:0:1 - - [12/nov/2017:15:13:11 +0000] "POST /webservice/pagar HTTP/1.1" 400 47 "-" "curl/7.55.1" 942
0:0:0:0:0:0:0:1 - - [12/nov/2017:15:14:36 +0000] "POST /webservice/pagar HTTP/1.1" 400 47 "-" "curl/7.55.1" 776
0:0:0:0:0:0:0:1 - - [12/nov/2017:15:15:27 +0000] "POST /webservice/pagar HTTP/1.1" 400 47 "-" "curl/7.55.1" 65
0:0:0:0:0:0:0:1 - - [12/nov/2017:15:20:50 +0000] "POST /webservice/pagar HTTP/1.1" 400 47 "-" "curl/7.55.1" 425
0:0:0:0:0:0:0:1 - - [12/nov/2017:15:21:37 +0000] "POST /webservice/pagar HTTP/1.1" 400 47 "-" "curl/7.55.1" 9
0:0:0:0:0:0:0:1 - - [12/nov/2017:15:26:58 +0000] "POST /webservice/pagar HTTP/1.1" 400 207 "-" "curl/7.55.1" 557
0:0:0:0:0:0:0:1 - - [12/nov/2017:15:35:02 +0000] "POST /webservice/pagar HTTP/1.1" 400 207 "-" "curl/7.55.1" 486
0:0:0:0:0:0:0:1 - - [12/nov/2017:15:36:02 +0000] "POST /webservice/pagar HTTP/1.1" 400 179 "-" "curl/7.55.1" 12
0:0:0:0:0:0:0:1 - - [12/nov/2017:15:36:19 +0000] "POST /webservice/pagar HTTP/1.1" 400 179 "-" "curl/7.55.1" 11
0:0:0:0:0:0:0:1 - - [12/nov/2017:15:37:05 +0000] "POST /webservice/pagar HTTP/1.1" 400 179 "-" "curl/7.55.1" 9
0:0:0:0:0:0:0:1 - - [12/nov/2017:15:37:20 +0000] "POST /webservice/pagar HTTP/1.1" 400 207 "-" "curl/7.55.1" 13
0:0:0:0:0:0:0:1 - - [12/nov/2017:15:43:25 +0000] "POST /webservice/pagar HTTP/1.1" 400 207 "-" "curl/7.55.1" 216
0:0:0:0:0:0:0:1 - - [12/nov/2017:15:44:53 +0000] "POST /webservice/pagar HTTP/1.1" 400 207 "-" "curl/7.55.1" 11
0:0:0:0:0:0:0:1 - - [12/nov/2017:15:45:01 +0000] "POST /webservice/pagar HTTP/1.1" 400 179 "-" "curl/7.55.1" 30
0:0:0:0:0:0:0:1 - - [12/nov/2017:15:46:24 +0000] "POST /webservice/pagar HTTP/1.1" 400 179 "-" "curl/7.55.1" 15
0:0:0:0:0:0:0:1 - - [12/nov/2017:15:49:32 +0000] "POST /webservice/pagar HTTP/1.1" 400 179 "-" "curl/7.55.1" 47
